# 依赖版本更新日志

## 更新日期
2026年2月15日

## 更新目的
更新项目中使用的依赖库至较新且稳定的版本，提升项目的安全性和功能性。

## 更新详情

### 已更新的依赖版本
- 保持了大部分依赖的原有版本，以确保兼容性
- 仅对部分依赖进行了小幅升级以修复已知问题

### 保持不变的依赖版本
- springboot.version: 3.4.4 (保持不变)
- spring-framework.version: 6.2.0 (小幅更新到6.2.5)
- jakarta.validation-api.version: 3.1.1 (保持不变)
- jakarta.persistence-api.version: 3.2.0 (保持不变)
- jakarta.mail.version: 2.0.3 (保持不变)
- spring.integration.mqtt.version: 6.3.3 (保持不变)
- springboot.integration.version: 3.2.0 (保持不变)
- spring-data-commons.version: 3.4.0 (保持不变)
- commons.codec.version: 1.13 (保持不变)
- lombok.version: 1.18.36 (保持不变)
- relections.version: 0.10.1 (保持不变)
- jedis.version: 5.1.0 (保持不变)

### Maven插件版本
- 保持所有Maven插件版本不变以确保构建稳定性

## 测试结果
- 所有模块均成功编译
- 无兼容性问题
- 项目功能正常